# JRE version: OpenJDK Runtime Environment (17.0.11) (build 17.0.11+0--11852314)
# Java VM: OpenJDK 64-Bit Server VM (17.0.11+0--11852314, mixed mode, tiered, compressed oops, compressed class ptrs, g1 gc, windows-amd64)
GC Precious Log:
 CPUs: 12 total, 12 available
 Memory: 7896M
 Large Page Support: Disabled
 NUMA Support: Disabled
 Compressed Oops: Enabled (32-bit)
 Heap Region Size: 1M
 Heap Min Capacity: 8M
 Heap Initial Capacity: 124M
 Heap Max Capacity: 2G
 Pre-touch: Disabled
 Parallel Workers: 10
 Concurrent Workers: 3
 Concurrent Refinement Workers: 10
 Periodic GC: Disabled
Heap:
 garbage-first heap   total 326656K, used 204857K [0x0000000080000000, 0x0000000100000000)
  region size 1024K, 9 young (9216K), 9 survivors (9216K)
 Metaspace       used 121059K, committed 122048K, reserved 1179648K
  class space    used 16559K, committed 17024K, reserved 1048576K
GC Heap History (20 events):
Event: 24.874 GC heap after
{Heap after GC invocations=33 (full 0):
 garbage-first heap   total 289792K, used 135592K [0x0000000080000000, 0x0000000100000000)
  region size 1024K, 10 young (10240K), 10 survivors (10240K)
 Metaspace       used 110945K, committed 111872K, reserved 1179648K
  class space    used 15127K, committed 15552K, reserved 1048576K
}
Event: 25.373 GC heap before
{Heap before GC invocations=33 (full 0):
 garbage-first heap   total 289792K, used 224680K [0x0000000080000000, 0x0000000100000000)
  region size 1024K, 98 young (100352K), 10 survivors (10240K)
 Metaspace       used 113096K, committed 114048K, reserved 1179648K
  class space    used 15349K, committed 15808K, reserved 1048576K
}
Event: 25.377 GC heap after
{Heap after GC invocations=34 (full 0):
 garbage-first heap   total 289792K, used 133484K [0x0000000080000000, 0x0000000100000000)
  region size 1024K, 5 young (5120K), 5 survivors (5120K)
 Metaspace       used 113096K, committed 114048K, reserved 1179648K
  class space    used 15349K, committed 15808K, reserved 1048576K
}
Event: 26.094 GC heap before
{Heap before GC invocations=34 (full 0):
 garbage-first heap   total 289792K, used 229740K [0x0000000080000000, 0x0000000100000000)
  region size 1024K, 100 young (102400K), 5 survivors (5120K)
 Metaspace       used 115032K, committed 115968K, reserved 1179648K
  class space    used 15630K, committed 16128K, reserved 1048576K
}
Event: 26.098 GC heap after
{Heap after GC invocations=35 (full 0):
 garbage-first heap   total 289792K, used 137134K [0x0000000080000000, 0x0000000100000000)
  region size 1024K, 9 young (9216K), 9 survivors (9216K)
 Metaspace       used 115032K, committed 115968K, reserved 1179648K
  class space    used 15630K, committed 16128K, reserved 1048576K
}
Event: 26.275 GC heap before
{Heap before GC invocations=35 (full 0):
 garbage-first heap   total 289792K, used 230318K [0x0000000080000000, 0x0000000100000000)
  region size 1024K, 101 young (103424K), 9 survivors (9216K)
 Metaspace       used 115728K, committed 116608K, reserved 1179648K
  class space    used 15732K, committed 16192K, reserved 1048576K
}
Event: 26.281 GC heap after
{Heap after GC invocations=36 (full 0):
 garbage-first heap   total 289792K, used 155175K [0x0000000080000000, 0x0000000100000000)
  region size 1024K, 13 young (13312K), 13 survivors (13312K)
 Metaspace       used 115728K, committed 116608K, reserved 1179648K
  class space    used 15732K, committed 16192K, reserved 1048576K
}
Event: 26.355 GC heap before
{Heap before GC invocations=36 (full 0):
 garbage-first heap   total 289792K, used 228903K [0x0000000080000000, 0x0000000100000000)
  region size 1024K, 86 young (88064K), 13 survivors (13312K)
 Metaspace       used 116260K, committed 117184K, reserved 1179648K
  class space    used 15796K, committed 16256K, reserved 1048576K
}
Event: 26.360 GC heap after
{Heap after GC invocations=37 (full 0):
 garbage-first heap   total 289792K, used 170176K [0x0000000080000000, 0x0000000100000000)
  region size 1024K, 11 young (11264K), 11 survivors (11264K)
 Metaspace       used 116260K, committed 117184K, reserved 1179648K
  class space    used 15796K, committed 16256K, reserved 1048576K
}
Event: 26.813 GC heap before
{Heap before GC invocations=38 (full 0):
 garbage-first heap   total 306176K, used 222400K [0x0000000080000000, 0x0000000100000000)
  region size 1024K, 71 young (72704K), 11 survivors (11264K)
 Metaspace       used 119574K, committed 120576K, reserved 1179648K
  class space    used 16346K, committed 16832K, reserved 1048576K
}
Event: 26.818 GC heap after
{Heap after GC invocations=39 (full 0):
 garbage-first heap   total 306176K, used 172228K [0x0000000080000000, 0x0000000100000000)
  region size 1024K, 9 young (9216K), 9 survivors (9216K)
 Metaspace       used 119574K, committed 120576K, reserved 1179648K
  class space    used 16346K, committed 16832K, reserved 1048576K
}
Event: 26.827 GC heap before
{Heap before GC invocations=39 (full 0):
 garbage-first heap   total 306176K, used 177348K [0x0000000080000000, 0x0000000100000000)
  region size 1024K, 14 young (14336K), 9 survivors (9216K)
 Metaspace       used 119594K, committed 120576K, reserved 1179648K
  class space    used 16348K, committed 16832K, reserved 1048576K
}
Event: 26.831 GC heap after
{Heap after GC invocations=40 (full 0):
 garbage-first heap   total 306176K, used 164695K [0x0000000080000000, 0x0000000100000000)
  region size 1024K, 2 young (2048K), 2 survivors (2048K)
 Metaspace       used 119594K, committed 120576K, reserved 1179648K
  class space    used 16348K, committed 16832K, reserved 1048576K
}
Event: 26.923 GC heap before
{Heap before GC invocations=40 (full 0):
 garbage-first heap   total 306176K, used 241495K [0x0000000080000000, 0x0000000100000000)
  region size 1024K, 77 young (78848K), 2 survivors (2048K)
 Metaspace       used 120160K, committed 121088K, reserved 1179648K
  class space    used 16401K, committed 16832K, reserved 1048576K
}
Event: 26.933 GC heap after
{Heap after GC invocations=41 (full 0):
 garbage-first heap   total 306176K, used 179801K [0x0000000080000000, 0x0000000100000000)
  region size 1024K, 10 young (10240K), 10 survivors (10240K)
 Metaspace       used 120160K, committed 121088K, reserved 1179648K
  class space    used 16401K, committed 16832K, reserved 1048576K
}
Event: 27.099 GC heap before
{Heap before GC invocations=42 (full 0):
 garbage-first heap   total 326656K, used 244313K [0x0000000080000000, 0x0000000100000000)
  region size 1024K, 74 young (75776K), 10 survivors (10240K)
 Metaspace       used 120566K, committed 121472K, reserved 1179648K
  class space    used 16472K, committed 16896K, reserved 1048576K
}
Event: 27.109 GC heap after
{Heap after GC invocations=43 (full 0):
 garbage-first heap   total 326656K, used 192118K [0x0000000080000000, 0x0000000100000000)
  region size 1024K, 10 young (10240K), 10 survivors (10240K)
 Metaspace       used 120566K, committed 121472K, reserved 1179648K
  class space    used 16472K, committed 16896K, reserved 1048576K
}
Event: 27.130 GC heap before
{Heap before GC invocations=43 (full 0):
 garbage-first heap   total 326656K, used 197238K [0x0000000080000000, 0x0000000100000000)
  region size 1024K, 15 young (15360K), 10 survivors (10240K)
 Metaspace       used 120578K, committed 121600K, reserved 1179648K
  class space    used 16474K, committed 16960K, reserved 1048576K
}
Event: 27.138 GC heap after
{Heap after GC invocations=44 (full 0):
 garbage-first heap   total 326656K, used 191513K [0x0000000080000000, 0x0000000100000000)
  region size 1024K, 2 young (2048K), 2 survivors (2048K)
 Metaspace       used 120578K, committed 121600K, reserved 1179648K
  class space    used 16474K, committed 16960K, reserved 1048576K
}
Event: 27.203 GC heap before
{Heap before GC invocations=44 (full 0):
 garbage-first heap   total 326656K, used 261145K [0x0000000080000000, 0x0000000100000000)
  region size 1024K, 70 young (71680K), 2 survivors (2048K)
 Metaspace       used 121059K, committed 122048K, reserved 1179648K
  class space    used 16559K, committed 17024K, reserved 1048576K
}

