# JRE version: OpenJDK Runtime Environment (17.0.11) (build 17.0.11+0--11852314)
# Java VM: OpenJDK 64-Bit Server VM (17.0.11+0--11852314, mixed mode, tiered, compressed oops, compressed class ptrs, g1 gc, windows-amd64)
GC Precious Log:
 CPUs: 12 total, 12 available
 Memory: 7896M
 Large Page Support: Disabled
 NUMA Support: Disabled
 Compressed Oops: Enabled (32-bit)
 Heap Region Size: 1M
 Heap Min Capacity: 8M
 Heap Initial Capacity: 124M
 Heap Max Capacity: 2G
 Pre-touch: Disabled
 Parallel Workers: 10
 Concurrent Workers: 3
 Concurrent Refinement Workers: 10
 Periodic GC: Disabled
Heap:
 garbage-first heap   total 354304K, used 232448K [0x0000000080000000, 0x0000000100000000)
  region size 1024K, 10 young (10240K), 10 survivors (10240K)
 Metaspace       used 110309K, committed 111104K, reserved 1179648K
  class space    used 15397K, committed 15808K, reserved 1048576K
GC Heap History (20 events):
Event: 11.776 GC heap after
{Heap after GC invocations=42 (full 0):
 garbage-first heap   total 207872K, used 107490K [0x0000000080000000, 0x0000000100000000)
  region size 1024K, 7 young (7168K), 7 survivors (7168K)
 Metaspace       used 103902K, committed 104640K, reserved 1179648K
  class space    used 14411K, committed 14784K, reserved 1048576K
}
Event: 12.054 GC heap before
{Heap before GC invocations=42 (full 0):
 garbage-first heap   total 207872K, used 168930K [0x0000000080000000, 0x0000000100000000)
  region size 1024K, 68 young (69632K), 7 survivors (7168K)
 Metaspace       used 104669K, committed 105344K, reserved 1179648K
  class space    used 14527K, committed 14848K, reserved 1048576K
}
Event: 12.058 GC heap after
{Heap after GC invocations=43 (full 0):
 garbage-first heap   total 207872K, used 116567K [0x0000000080000000, 0x0000000100000000)
  region size 1024K, 9 young (9216K), 9 survivors (9216K)
 Metaspace       used 104669K, committed 105344K, reserved 1179648K
  class space    used 14527K, committed 14848K, reserved 1048576K
}
Event: 12.094 GC heap before
{Heap before GC invocations=43 (full 0):
 garbage-first heap   total 207872K, used 166743K [0x0000000080000000, 0x0000000100000000)
  region size 1024K, 57 young (58368K), 9 survivors (9216K)
 Metaspace       used 104682K, committed 105408K, reserved 1179648K
  class space    used 14528K, committed 14848K, reserved 1048576K
}
Event: 12.098 GC heap after
{Heap after GC invocations=44 (full 0):
 garbage-first heap   total 207872K, used 129566K [0x0000000080000000, 0x0000000100000000)
  region size 1024K, 8 young (8192K), 8 survivors (8192K)
 Metaspace       used 104682K, committed 105408K, reserved 1179648K
  class space    used 14528K, committed 14848K, reserved 1048576K
}
Event: 12.127 GC heap before
{Heap before GC invocations=44 (full 0):
 garbage-first heap   total 207872K, used 164382K [0x0000000080000000, 0x0000000100000000)
  region size 1024K, 43 young (44032K), 8 survivors (8192K)
 Metaspace       used 104731K, committed 105472K, reserved 1179648K
  class space    used 14534K, committed 14848K, reserved 1048576K
}
Event: 12.130 GC heap after
{Heap after GC invocations=45 (full 0):
 garbage-first heap   total 207872K, used 135870K [0x0000000080000000, 0x0000000100000000)
  region size 1024K, 6 young (6144K), 6 survivors (6144K)
 Metaspace       used 104731K, committed 105472K, reserved 1179648K
  class space    used 14534K, committed 14848K, reserved 1048576K
}
Event: 12.155 GC heap before
{Heap before GC invocations=45 (full 0):
 garbage-first heap   total 207872K, used 166590K [0x0000000080000000, 0x0000000100000000)
  region size 1024K, 37 young (37888K), 6 survivors (6144K)
 Metaspace       used 104784K, committed 105600K, reserved 1179648K
  class space    used 14544K, committed 14912K, reserved 1048576K
}
Event: 12.158 GC heap after
{Heap after GC invocations=46 (full 0):
 garbage-first heap   total 354304K, used 142207K [0x0000000080000000, 0x0000000100000000)
  region size 1024K, 5 young (5120K), 5 survivors (5120K)
 Metaspace       used 104784K, committed 105600K, reserved 1179648K
  class space    used 14544K, committed 14912K, reserved 1048576K
}
Event: 12.727 GC heap before
{Heap before GC invocations=47 (full 0):
 garbage-first heap   total 354304K, used 263039K [0x0000000080000000, 0x0000000100000000)
  region size 1024K, 124 young (126976K), 5 survivors (5120K)
 Metaspace       used 106995K, committed 107776K, reserved 1179648K
  class space    used 14894K, committed 15296K, reserved 1048576K
}
Event: 12.736 GC heap after
{Heap after GC invocations=48 (full 0):
 garbage-first heap   total 354304K, used 165833K [0x0000000080000000, 0x0000000100000000)
  region size 1024K, 16 young (16384K), 16 survivors (16384K)
 Metaspace       used 106995K, committed 107776K, reserved 1179648K
  class space    used 14894K, committed 15296K, reserved 1048576K
}
Event: 12.757 GC heap before
{Heap before GC invocations=48 (full 0):
 garbage-first heap   total 354304K, used 166857K [0x0000000080000000, 0x0000000100000000)
  region size 1024K, 17 young (17408K), 16 survivors (16384K)
 Metaspace       used 107085K, committed 107904K, reserved 1179648K
  class space    used 14905K, committed 15296K, reserved 1048576K
}
Event: 12.761 GC heap after
{Heap after GC invocations=49 (full 0):
 garbage-first heap   total 354304K, used 165400K [0x0000000080000000, 0x0000000100000000)
  region size 1024K, 2 young (2048K), 2 survivors (2048K)
 Metaspace       used 107085K, committed 107904K, reserved 1179648K
  class space    used 14905K, committed 15296K, reserved 1048576K
}
Event: 13.085 GC heap before
{Heap before GC invocations=49 (full 0):
 garbage-first heap   total 354304K, used 260632K [0x0000000080000000, 0x0000000100000000)
  region size 1024K, 95 young (97280K), 2 survivors (2048K)
 Metaspace       used 108996K, committed 109824K, reserved 1179648K
  class space    used 15197K, committed 15616K, reserved 1048576K
}
Event: 13.180 GC heap after
{Heap after GC invocations=50 (full 0):
 garbage-first heap   total 354304K, used 183046K [0x0000000080000000, 0x0000000100000000)
  region size 1024K, 12 young (12288K), 12 survivors (12288K)
 Metaspace       used 108996K, committed 109824K, reserved 1179648K
  class space    used 15197K, committed 15616K, reserved 1048576K
}
Event: 13.418 GC heap before
{Heap before GC invocations=50 (full 0):
 garbage-first heap   total 354304K, used 271110K [0x0000000080000000, 0x0000000100000000)
  region size 1024K, 98 young (100352K), 12 survivors (12288K)
 Metaspace       used 109492K, committed 110272K, reserved 1179648K
  class space    used 15254K, committed 15680K, reserved 1048576K
}
Event: 13.434 GC heap after
{Heap after GC invocations=51 (full 0):
 garbage-first heap   total 354304K, used 200626K [0x0000000080000000, 0x0000000100000000)
  region size 1024K, 13 young (13312K), 13 survivors (13312K)
 Metaspace       used 109492K, committed 110272K, reserved 1179648K
  class space    used 15254K, committed 15680K, reserved 1048576K
}
Event: 13.579 GC heap before
{Heap before GC invocations=51 (full 0):
 garbage-first heap   total 354304K, used 277426K [0x0000000080000000, 0x0000000100000000)
  region size 1024K, 89 young (91136K), 13 survivors (13312K)
 Metaspace       used 109979K, committed 110784K, reserved 1179648K
  class space    used 15341K, committed 15744K, reserved 1048576K
}
Event: 13.596 GC heap after
{Heap after GC invocations=52 (full 0):
 garbage-first heap   total 354304K, used 217088K [0x0000000080000000, 0x0000000100000000)
  region size 1024K, 12 young (12288K), 12 survivors (12288K)
 Metaspace       used 109979K, committed 110784K, reserved 1179648K
  class space    used 15341K, committed 15744K, reserved 1048576K
}
Event: 13.675 GC heap before
{Heap before GC invocations=52 (full 0):
 garbage-first heap   total 354304K, used 283648K [0x0000000080000000, 0x0000000100000000)
  region size 1024K, 78 young (79872K), 12 survivors (12288K)
 Metaspace       used 110309K, committed 111104K, reserved 1179648K
  class space    used 15397K, committed 15808K, reserved 1048576K
}

