# JRE version: OpenJDK Runtime Environment (17.0.11) (build 17.0.11+0--11852314)
# Java VM: OpenJDK 64-Bit Server VM (17.0.11+0--11852314, mixed mode, tiered, compressed oops, compressed class ptrs, g1 gc, windows-amd64)
GC Precious Log:
 CPUs: 12 total, 12 available
 Memory: 7896M
 Large Page Support: Disabled
 NUMA Support: Disabled
 Compressed Oops: Enabled (32-bit)
 Heap Region Size: 1M
 Heap Min Capacity: 8M
 Heap Initial Capacity: 124M
 Heap Max Capacity: 2G
 Pre-touch: Disabled
 Parallel Workers: 10
 Concurrent Workers: 3
 Concurrent Refinement Workers: 10
 Periodic GC: Disabled
Heap:
 garbage-first heap   total 422912K, used 265627K [0x0000000080000000, 0x0000000100000000)
  region size 1024K, 13 young (13312K), 13 survivors (13312K)
 Metaspace       used 111832K, committed 112704K, reserved 1179648K
  class space    used 15685K, committed 16128K, reserved 1048576K
GC Heap History (20 events):
Event: 13.185 GC heap after
{Heap after GC invocations=41 (full 0):
 garbage-first heap   total 219136K, used 108886K [0x0000000080000000, 0x0000000100000000)
  region size 1024K, 8 young (8192K), 8 survivors (8192K)
 Metaspace       used 104071K, committed 104768K, reserved 1179648K
  class space    used 14440K, committed 14784K, reserved 1048576K
}
Event: 13.204 GC heap before
{Heap before GC invocations=41 (full 0):
 garbage-first heap   total 219136K, used 109910K [0x0000000080000000, 0x0000000100000000)
  region size 1024K, 10 young (10240K), 8 survivors (8192K)
 Metaspace       used 104129K, committed 104832K, reserved 1179648K
  class space    used 14451K, committed 14784K, reserved 1048576K
}
Event: 13.208 GC heap after
{Heap after GC invocations=42 (full 0):
 garbage-first heap   total 219136K, used 108720K [0x0000000080000000, 0x0000000100000000)
  region size 1024K, 2 young (2048K), 2 survivors (2048K)
 Metaspace       used 104129K, committed 104832K, reserved 1179648K
  class space    used 14451K, committed 14784K, reserved 1048576K
}
Event: 13.328 GC heap before
{Heap before GC invocations=42 (full 0):
 garbage-first heap   total 219136K, used 177328K [0x0000000080000000, 0x0000000100000000)
  region size 1024K, 70 young (71680K), 2 survivors (2048K)
 Metaspace       used 104700K, committed 105472K, reserved 1179648K
  class space    used 14533K, committed 14912K, reserved 1048576K
}
Event: 13.331 GC heap after
{Heap after GC invocations=43 (full 0):
 garbage-first heap   total 219136K, used 124502K [0x0000000080000000, 0x0000000100000000)
  region size 1024K, 9 young (9216K), 9 survivors (9216K)
 Metaspace       used 104700K, committed 105472K, reserved 1179648K
  class space    used 14533K, committed 14912K, reserved 1048576K
}
Event: 13.366 GC heap before
{Heap before GC invocations=43 (full 0):
 garbage-first heap   total 219136K, used 175702K [0x0000000080000000, 0x0000000100000000)
  region size 1024K, 60 young (61440K), 9 survivors (9216K)
 Metaspace       used 104867K, committed 105664K, reserved 1179648K
  class space    used 14548K, committed 14912K, reserved 1048576K
}
Event: 13.370 GC heap after
{Heap after GC invocations=44 (full 0):
 garbage-first heap   total 219136K, used 135873K [0x0000000080000000, 0x0000000100000000)
  region size 1024K, 8 young (8192K), 8 survivors (8192K)
 Metaspace       used 104867K, committed 105664K, reserved 1179648K
  class space    used 14548K, committed 14912K, reserved 1048576K
}
Event: 13.403 GC heap before
{Heap before GC invocations=44 (full 0):
 garbage-first heap   total 219136K, used 176833K [0x0000000080000000, 0x0000000100000000)
  region size 1024K, 49 young (50176K), 8 survivors (8192K)
 Metaspace       used 104983K, committed 105728K, reserved 1179648K
  class space    used 14568K, committed 14912K, reserved 1048576K
}
Event: 13.407 GC heap after
{Heap after GC invocations=45 (full 0):
 garbage-first heap   total 422912K, used 145107K [0x0000000080000000, 0x0000000100000000)
  region size 1024K, 7 young (7168K), 7 survivors (7168K)
 Metaspace       used 104983K, committed 105728K, reserved 1179648K
  class space    used 14568K, committed 14912K, reserved 1048576K
}
Event: 13.918 GC heap before
{Heap before GC invocations=46 (full 0):
 garbage-first heap   total 422912K, used 296659K [0x0000000080000000, 0x0000000100000000)
  region size 1024K, 154 young (157696K), 7 survivors (7168K)
 Metaspace       used 109003K, committed 109760K, reserved 1179648K
  class space    used 15228K, committed 15616K, reserved 1048576K
}
Event: 13.930 GC heap after
{Heap after GC invocations=47 (full 0):
 garbage-first heap   total 422912K, used 177152K [0x0000000080000000, 0x0000000100000000)
  region size 1024K, 20 young (20480K), 20 survivors (20480K)
 Metaspace       used 109003K, committed 109760K, reserved 1179648K
  class space    used 15228K, committed 15616K, reserved 1048576K
}
Event: 13.932 GC heap before
{Heap before GC invocations=47 (full 0):
 garbage-first heap   total 422912K, used 178176K [0x0000000080000000, 0x0000000100000000)
  region size 1024K, 21 young (21504K), 20 survivors (20480K)
 Metaspace       used 109016K, committed 109760K, reserved 1179648K
  class space    used 15228K, committed 15616K, reserved 1048576K
}
Event: 13.938 GC heap after
{Heap after GC invocations=48 (full 0):
 garbage-first heap   total 422912K, used 180084K [0x0000000080000000, 0x0000000100000000)
  region size 1024K, 3 young (3072K), 3 survivors (3072K)
 Metaspace       used 109016K, committed 109760K, reserved 1179648K
  class space    used 15228K, committed 15616K, reserved 1048576K
}
Event: 14.050 GC heap before
{Heap before GC invocations=48 (full 0):
 garbage-first heap   total 422912K, used 297844K [0x0000000080000000, 0x0000000100000000)
  region size 1024K, 118 young (120832K), 3 survivors (3072K)
 Metaspace       used 109307K, committed 110144K, reserved 1179648K
  class space    used 15249K, committed 15680K, reserved 1048576K
}
Event: 14.062 GC heap after
{Heap after GC invocations=49 (full 0):
 garbage-first heap   total 422912K, used 203485K [0x0000000080000000, 0x0000000100000000)
  region size 1024K, 15 young (15360K), 15 survivors (15360K)
 Metaspace       used 109307K, committed 110144K, reserved 1179648K
  class space    used 15249K, committed 15680K, reserved 1048576K
}
Event: 14.210 GC heap before
{Heap before GC invocations=49 (full 0):
 garbage-first heap   total 422912K, used 312029K [0x0000000080000000, 0x0000000100000000)
  region size 1024K, 121 young (123904K), 15 survivors (15360K)
 Metaspace       used 109979K, committed 110784K, reserved 1179648K
  class space    used 15352K, committed 15744K, reserved 1048576K
}
Event: 14.228 GC heap after
{Heap after GC invocations=50 (full 0):
 garbage-first heap   total 422912K, used 225979K [0x0000000080000000, 0x0000000100000000)
  region size 1024K, 16 young (16384K), 16 survivors (16384K)
 Metaspace       used 109979K, committed 110784K, reserved 1179648K
  class space    used 15352K, committed 15744K, reserved 1048576K
}
Event: 14.331 GC heap before
{Heap before GC invocations=50 (full 0):
 garbage-first heap   total 422912K, used 324283K [0x0000000080000000, 0x0000000100000000)
  region size 1024K, 112 young (114688K), 16 survivors (16384K)
 Metaspace       used 110479K, committed 111296K, reserved 1179648K
  class space    used 15447K, committed 15872K, reserved 1048576K
}
Event: 14.354 GC heap after
{Heap after GC invocations=51 (full 0):
 garbage-first heap   total 422912K, used 247491K [0x0000000080000000, 0x0000000100000000)
  region size 1024K, 14 young (14336K), 14 survivors (14336K)
 Metaspace       used 110479K, committed 111296K, reserved 1179648K
  class space    used 15447K, committed 15872K, reserved 1048576K
}
Event: 14.537 GC heap before
{Heap before GC invocations=51 (full 0):
 garbage-first heap   total 422912K, used 333507K [0x0000000080000000, 0x0000000100000000)
  region size 1024K, 99 young (101376K), 14 survivors (14336K)
 Metaspace       used 111832K, committed 112704K, reserved 1179648K
  class space    used 15685K, committed 16128K, reserved 1048576K
}

