# JRE version: OpenJDK Runtime Environment (17.0.11) (build 17.0.11+0--11852314)
# Java VM: OpenJDK 64-Bit Server VM (17.0.11+0--11852314, mixed mode, tiered, compressed oops, compressed class ptrs, g1 gc, windows-amd64)
GC Precious Log:
 CPUs: 12 total, 12 available
 Memory: 7896M
 Large Page Support: Disabled
 NUMA Support: Disabled
 Compressed Oops: Enabled (32-bit)
 Heap Region Size: 1M
 Heap Min Capacity: 8M
 Heap Initial Capacity: 124M
 Heap Max Capacity: 2G
 Pre-touch: Disabled
 Parallel Workers: 10
 Concurrent Workers: 3
 Concurrent Refinement Workers: 10
 Periodic GC: Disabled
Heap:
 garbage-first heap   total 385024K, used 239616K [0x0000000080000000, 0x0000000100000000)
  region size 1024K, 12 young (12288K), 12 survivors (12288K)
 Metaspace       used 110835K, committed 111616K, reserved 1179648K
  class space    used 15518K, committed 15936K, reserved 1048576K
GC Heap History (20 events):
Event: 10.506 GC heap after
{Heap after GC invocations=41 (full 0):
 garbage-first heap   total 192512K, used 107432K [0x0000000080000000, 0x0000000100000000)
  region size 1024K, 6 young (6144K), 6 survivors (6144K)
 Metaspace       used 102841K, committed 103616K, reserved 1179648K
  class space    used 14309K, committed 14720K, reserved 1048576K
}
Event: 10.726 GC heap before
{Heap before GC invocations=42 (full 0):
 garbage-first heap   total 192512K, used 156584K [0x0000000080000000, 0x0000000100000000)
  region size 1024K, 55 young (56320K), 6 survivors (6144K)
 Metaspace       used 103944K, committed 104704K, reserved 1179648K
  class space    used 14422K, committed 14784K, reserved 1048576K
}
Event: 10.730 GC heap after
{Heap after GC invocations=43 (full 0):
 garbage-first heap   total 192512K, used 109553K [0x0000000080000000, 0x0000000100000000)
  region size 1024K, 5 young (5120K), 5 survivors (5120K)
 Metaspace       used 103944K, committed 104704K, reserved 1179648K
  class space    used 14422K, committed 14784K, reserved 1048576K
}
Event: 10.739 GC heap before
{Heap before GC invocations=43 (full 0):
 garbage-first heap   total 192512K, used 112625K [0x0000000080000000, 0x0000000100000000)
  region size 1024K, 9 young (9216K), 5 survivors (5120K)
 Metaspace       used 103999K, committed 104768K, reserved 1179648K
  class space    used 14432K, committed 14784K, reserved 1048576K
}
Event: 10.741 GC heap after
{Heap after GC invocations=44 (full 0):
 garbage-first heap   total 192512K, used 107936K [0x0000000080000000, 0x0000000100000000)
  region size 1024K, 2 young (2048K), 2 survivors (2048K)
 Metaspace       used 103999K, committed 104768K, reserved 1179648K
  class space    used 14432K, committed 14784K, reserved 1048576K
}
Event: 10.860 GC heap before
{Heap before GC invocations=44 (full 0):
 garbage-first heap   total 192512K, used 156064K [0x0000000080000000, 0x0000000100000000)
  region size 1024K, 50 young (51200K), 2 survivors (2048K)
 Metaspace       used 104666K, committed 105344K, reserved 1179648K
  class space    used 14537K, committed 14848K, reserved 1048576K
}
Event: 10.864 GC heap after
{Heap after GC invocations=45 (full 0):
 garbage-first heap   total 192512K, used 120195K [0x0000000080000000, 0x0000000100000000)
  region size 1024K, 7 young (7168K), 7 survivors (7168K)
 Metaspace       used 104666K, committed 105344K, reserved 1179648K
  class space    used 14537K, committed 14848K, reserved 1048576K
}
Event: 10.883 GC heap before
{Heap before GC invocations=45 (full 0):
 garbage-first heap   total 192512K, used 157059K [0x0000000080000000, 0x0000000100000000)
  region size 1024K, 42 young (43008K), 7 survivors (7168K)
 Metaspace       used 104695K, committed 105344K, reserved 1179648K
  class space    used 14539K, committed 14848K, reserved 1048576K
}
Event: 10.886 GC heap after
{Heap after GC invocations=46 (full 0):
 garbage-first heap   total 192512K, used 128902K [0x0000000080000000, 0x0000000100000000)
  region size 1024K, 6 young (6144K), 6 survivors (6144K)
 Metaspace       used 104695K, committed 105344K, reserved 1179648K
  class space    used 14539K, committed 14848K, reserved 1048576K
}
Event: 10.903 GC heap before
{Heap before GC invocations=46 (full 0):
 garbage-first heap   total 192512K, used 155526K [0x0000000080000000, 0x0000000100000000)
  region size 1024K, 33 young (33792K), 6 survivors (6144K)
 Metaspace       used 104764K, committed 105472K, reserved 1179648K
  class space    used 14552K, committed 14912K, reserved 1048576K
}
Event: 10.906 GC heap after
{Heap after GC invocations=47 (full 0):
 garbage-first heap   total 385024K, used 134295K [0x0000000080000000, 0x0000000100000000)
  region size 1024K, 5 young (5120K), 5 survivors (5120K)
 Metaspace       used 104764K, committed 105472K, reserved 1179648K
  class space    used 14552K, committed 14912K, reserved 1048576K
}
Event: 11.246 GC heap before
{Heap before GC invocations=47 (full 0):
 garbage-first heap   total 385024K, used 285847K [0x0000000080000000, 0x0000000100000000)
  region size 1024K, 154 young (157696K), 5 survivors (5120K)
 Metaspace       used 105776K, committed 106496K, reserved 1179648K
  class space    used 14688K, committed 15040K, reserved 1048576K
}
Event: 11.258 GC heap after
{Heap after GC invocations=48 (full 0):
 garbage-first heap   total 385024K, used 167022K [0x0000000080000000, 0x0000000100000000)
  region size 1024K, 20 young (20480K), 20 survivors (20480K)
 Metaspace       used 105776K, committed 106496K, reserved 1179648K
  class space    used 14688K, committed 15040K, reserved 1048576K
}
Event: 11.704 GC heap before
{Heap before GC invocations=48 (full 0):
 garbage-first heap   total 385024K, used 270446K [0x0000000080000000, 0x0000000100000000)
  region size 1024K, 122 young (124928K), 20 survivors (20480K)
 Metaspace       used 109275K, committed 110080K, reserved 1179648K
  class space    used 15253K, committed 15680K, reserved 1048576K
}
Event: 11.715 GC heap after
{Heap after GC invocations=49 (full 0):
 garbage-first heap   total 385024K, used 181983K [0x0000000080000000, 0x0000000100000000)
  region size 1024K, 16 young (16384K), 16 survivors (16384K)
 Metaspace       used 109275K, committed 110080K, reserved 1179648K
  class space    used 15253K, committed 15680K, reserved 1048576K
}
Event: 11.891 GC heap before
{Heap before GC invocations=49 (full 0):
 garbage-first heap   total 385024K, used 283359K [0x0000000080000000, 0x0000000100000000)
  region size 1024K, 116 young (118784K), 16 survivors (16384K)
 Metaspace       used 109861K, committed 110656K, reserved 1179648K
  class space    used 15338K, committed 15744K, reserved 1048576K
}
Event: 11.908 GC heap after
{Heap after GC invocations=50 (full 0):
 garbage-first heap   total 385024K, used 202752K [0x0000000080000000, 0x0000000100000000)
  region size 1024K, 15 young (15360K), 15 survivors (15360K)
 Metaspace       used 109861K, committed 110656K, reserved 1179648K
  class space    used 15338K, committed 15744K, reserved 1048576K
}
Event: 12.075 GC heap before
{Heap before GC invocations=50 (full 0):
 garbage-first heap   total 385024K, used 293888K [0x0000000080000000, 0x0000000100000000)
  region size 1024K, 105 young (107520K), 15 survivors (15360K)
 Metaspace       used 110560K, committed 111360K, reserved 1179648K
  class space    used 15461K, committed 15872K, reserved 1048576K
}
Event: 12.090 GC heap after
{Heap after GC invocations=51 (full 0):
 garbage-first heap   total 385024K, used 221945K [0x0000000080000000, 0x0000000100000000)
  region size 1024K, 14 young (14336K), 14 survivors (14336K)
 Metaspace       used 110560K, committed 111360K, reserved 1179648K
  class space    used 15461K, committed 15872K, reserved 1048576K
}
Event: 12.243 GC heap before
{Heap before GC invocations=51 (full 0):
 garbage-first heap   total 385024K, used 302841K [0x0000000080000000, 0x0000000100000000)
  region size 1024K, 94 young (96256K), 14 survivors (14336K)
 Metaspace       used 110835K, committed 111616K, reserved 1179648K
  class space    used 15518K, committed 15936K, reserved 1048576K
}

